<?xml version="1.0" encoding="UTF-8"?>
<!-- Generated by org.testng.reporters.JUnitReportReporter -->
<testsuite hostname="DESKTOP-V7RFJ42" failures="0" tests="1" name="Project1.Sample1" time="32.799" errors="0" timestamp="2022-11-19T06:37:02 IST" skipped="0">
  <testcase classname="Project1.Sample1" name="a" time="32.799"/>
  <system-out/>
</testsuite> <!-- Project1.Sample1 -->
